# JRE version: Java(TM) SE Runtime Environment 18.9 (11.0.24+7) (build 11.0.24+7-LTS-271)
# Java VM: Java HotSpot(TM) 64-Bit Server VM 18.9 (11.0.24+7-LTS-271, mixed mode, tiered, compressed oops, g1 gc, windows-amd64)
Heap:
 garbage-first heap   total 115712K, used 42641K [0x00000000a2400000, 0x0000000100000000)
  region size 1024K, 17 young (17408K), 6 survivors (6144K)
 Metaspace       used 70896K, capacity 72681K, committed 72828K, reserved 1112064K
  class space    used 8971K, capacity 9673K, committed 9728K, reserved 1048576K
GC Heap History (10 events):
Event: 5.110 GC heap before
{Heap before GC invocations=10 (full 0):
 garbage-first heap   total 115712K, used 83663K [0x00000000a2400000, 0x0000000100000000)
  region size 1024K, 67 young (68608K), 8 survivors (8192K)
 Metaspace       used 55729K, capacity 56970K, committed 57136K, reserved 1099776K
  class space    used 6979K, capacity 7457K, committed 7552K, reserved 1048576K
}
Event: 5.116 GC heap after
{Heap after GC invocations=11 (full 0):
 garbage-first heap   total 115712K, used 24520K [0x00000000a2400000, 0x0000000100000000)
  region size 1024K, 5 young (5120K), 5 survivors (5120K)
 Metaspace       used 55729K, capacity 56970K, committed 57136K, reserved 1099776K
  class space    used 6979K, capacity 7457K, committed 7552K, reserved 1048576K
}
Event: 5.410 GC heap before
{Heap before GC invocations=11 (full 0):
 garbage-first heap   total 115712K, used 48072K [0x00000000a2400000, 0x0000000100000000)
  region size 1024K, 29 young (29696K), 5 survivors (5120K)
 Metaspace       used 58621K, capacity 59846K, committed 60028K, reserved 1101824K
  class space    used 7325K, capacity 7820K, committed 7936K, reserved 1048576K
}
Event: 5.415 GC heap after
{Heap after GC invocations=12 (full 0):
 garbage-first heap   total 115712K, used 25411K [0x00000000a2400000, 0x0000000100000000)
  region size 1024K, 6 young (6144K), 6 survivors (6144K)
 Metaspace       used 58621K, capacity 59846K, committed 60028K, reserved 1101824K
  class space    used 7325K, capacity 7820K, committed 7936K, reserved 1048576K
}
Event: 5.783 GC heap before
{Heap before GC invocations=13 (full 0):
 garbage-first heap   total 115712K, used 78659K [0x00000000a2400000, 0x0000000100000000)
  region size 1024K, 58 young (59392K), 6 survivors (6144K)
 Metaspace       used 61536K, capacity 63108K, committed 63356K, reserved 1103872K
  class space    used 7755K, capacity 8388K, committed 8448K, reserved 1048576K
}
Event: 5.789 GC heap after
{Heap after GC invocations=14 (full 0):
 garbage-first heap   total 115712K, used 27565K [0x00000000a2400000, 0x0000000100000000)
  region size 1024K, 5 young (5120K), 5 survivors (5120K)
 Metaspace       used 61536K, capacity 63108K, committed 63356K, reserved 1103872K
  class space    used 7755K, capacity 8388K, committed 8448K, reserved 1048576K
}
Event: 6.320 GC heap before
{Heap before GC invocations=14 (full 0):
 garbage-first heap   total 115712K, used 80813K [0x00000000a2400000, 0x0000000100000000)
  region size 1024K, 57 young (58368K), 5 survivors (5120K)
 Metaspace       used 65689K, capacity 67346K, committed 67580K, reserved 1107968K
  class space    used 8293K, capacity 8962K, committed 9088K, reserved 1048576K
}
Event: 6.326 GC heap after
{Heap after GC invocations=15 (full 0):
 garbage-first heap   total 115712K, used 30549K [0x00000000a2400000, 0x0000000100000000)
  region size 1024K, 7 young (7168K), 7 survivors (7168K)
 Metaspace       used 65689K, capacity 67346K, committed 67580K, reserved 1107968K
  class space    used 8293K, capacity 8962K, committed 9088K, reserved 1048576K
}
Event: 34.360 GC heap before
{Heap before GC invocations=15 (full 0):
 garbage-first heap   total 115712K, used 83797K [0x00000000a2400000, 0x0000000100000000)
  region size 1024K, 59 young (60416K), 7 survivors (7168K)
 Metaspace       used 69736K, capacity 71443K, committed 71676K, reserved 1112064K
  class space    used 8834K, capacity 9516K, committed 9600K, reserved 1048576K
}
Event: 34.434 GC heap after
{Heap after GC invocations=16 (full 0):
 garbage-first heap   total 115712K, used 32401K [0x00000000a2400000, 0x0000000100000000)
  region size 1024K, 6 young (6144K), 6 survivors (6144K)
 Metaspace       used 69736K, capacity 71443K, committed 71676K, reserved 1112064K
  class space    used 8834K, capacity 9516K, committed 9600K, reserved 1048576K
}

